<?xml version="1.0" encoding="UTF-8"?>
<testsuite xmlns:xsi="http://www.w3.org/2001/XMLSchema-instance" xsi:noNamespaceSchemaLocation="https://maven.apache.org/surefire/maven-surefire-plugin/xsd/surefire-test-report.xsd" version="3.0.2" name="com.skillnest.web.TransactionalOperationsTest" time="12.401" tests="3" errors="0" skipped="0" failures="0">
  <properties>
[...]
</properties>
  <testcase name="testAutorConMultiplesLibros" classname="com.skillnest.web.TransactionalOperationsTest" time="1.215">
    <system-out><![CDATA[16:42:03.953 [main] INFO org.springframework.test.context.support.AnnotationConfigContextLoaderUtils -- Could not detect default configuration classes for test class [com.skillnest.web.TransactionalOperationsTest]: TransactionalOperationsTest does not declare any static, non-private, non-final, nested classes annotated with @Configuration.
16:42:04.231 [main] INFO org.springframework.boot.test.context.SpringBootTestContextBootstrapper -- Found @SpringBootConfiguration com.skillnest.web.BibliotecaSkillnestApplication for test class com.skillnest.web.TransactionalOperationsTest
16:42:04.564 [main] INFO org.springframework.boot.devtools.restart.RestartApplicationListener -- Restart disabled due to context in which it is running

  .   ____          _            __ _ _
 /\\ / ___'_ __ _ _(_)_ __  __ _ \ \ \ \
( ( )\___ | '_ | '_| | '_ \/ _` | \ \ \ \
 \\/  ___)| |_)| | | | | || (_| |  ) ) ) )
  '  |____| .__|_| |_|_| |_\__, | / / / /
 =========|_|==============|___/=/_/_/_/

 :: Spring Boot ::                (v3.5.6)

2025-11-06T16:42:05.285-03:00  INFO 5584 --- [Biblioteca-skillnest] [           main] c.s.web.TransactionalOperationsTest      : Starting TransactionalOperationsTest using Java 22.0.1 with PID 5584 (started by ariel in C:\Users\nikoc\OneDrive\Documentos\Bootcamp JavaScript\Proyectos\MODULO6\AE3_ABP\biblioteca_skillnest)
2025-11-06T16:42:05.286-03:00 DEBUG 5584 --- [Biblioteca-skillnest] [           main] c.s.web.TransactionalOperationsTest      : Running with Spring Boot v3.5.6, Spring v6.2.11
2025-11-06T16:42:05.287-03:00  INFO 5584 --- [Biblioteca-skillnest] [           main] c.s.web.TransactionalOperationsTest      : No active profile set, falling back to 1 default profile: "default"
2025-11-06T16:42:05.344-03:00 DEBUG 5584 --- [Biblioteca-skillnest] [           main] o.s.w.c.s.GenericWebApplicationContext   : Refreshing org.springframework.web.context.support.GenericWebApplicationContext@51745f40
2025-11-06T16:42:07.087-03:00  INFO 5584 --- [Biblioteca-skillnest] [           main] .s.d.r.c.RepositoryConfigurationDelegate : Bootstrapping Spring Data JPA repositories in DEFAULT mode.
2025-11-06T16:42:07.204-03:00  INFO 5584 --- [Biblioteca-skillnest] [           main] .s.d.r.c.RepositoryConfigurationDelegate : Finished Spring Data repository scanning in 92 ms. Found 2 JPA repository interfaces.
2025-11-06T16:42:08.037-03:00  INFO 5584 --- [Biblioteca-skillnest] [           main] o.hibernate.jpa.internal.util.LogHelper  : HHH000204: Processing PersistenceUnitInfo [name: default]
2025-11-06T16:42:08.194-03:00  INFO 5584 --- [Biblioteca-skillnest] [           main] org.hibernate.Version                    : HHH000412: Hibernate ORM core version 6.6.29.Final
2025-11-06T16:42:08.272-03:00  INFO 5584 --- [Biblioteca-skillnest] [           main] o.h.c.internal.RegionFactoryInitiator    : HHH000026: Second-level cache disabled
2025-11-06T16:42:08.899-03:00  INFO 5584 --- [Biblioteca-skillnest] [           main] o.s.o.j.p.SpringPersistenceUnitInfo      : No LoadTimeWeaver setup: ignoring JPA class transformer
2025-11-06T16:42:08.984-03:00  INFO 5584 --- [Biblioteca-skillnest] [           main] com.zaxxer.hikari.HikariDataSource       : HikariPool-1 - Starting...
2025-11-06T16:42:09.402-03:00  INFO 5584 --- [Biblioteca-skillnest] [           main] com.zaxxer.hikari.pool.HikariPool        : HikariPool-1 - Added connection com.mysql.cj.jdbc.ConnectionImpl@74fc3fc7
2025-11-06T16:42:09.407-03:00  INFO 5584 --- [Biblioteca-skillnest] [           main] com.zaxxer.hikari.HikariDataSource       : HikariPool-1 - Start completed.
2025-11-06T16:42:09.545-03:00  WARN 5584 --- [Biblioteca-skillnest] [           main] org.hibernate.orm.deprecation            : HHH90000025: MySQL8Dialect does not need to be specified explicitly using 'hibernate.dialect' (remove the property setting and it will be selected by default)
2025-11-06T16:42:09.548-03:00  WARN 5584 --- [Biblioteca-skillnest] [           main] org.hibernate.orm.deprecation            : HHH90000026: MySQL8Dialect has been deprecated; use org.hibernate.dialect.MySQLDialect instead
2025-11-06T16:42:09.599-03:00  INFO 5584 --- [Biblioteca-skillnest] [           main] org.hibernate.orm.connections.pooling    : HHH10001005: Database info:
	Database JDBC URL [Connecting through datasource 'HikariDataSource (HikariPool-1)']
	Database driver: undefined/unknown
	Database version: 8.0
	Autocommit mode: undefined/unknown
	Isolation level: undefined/unknown
	Minimum pool size: undefined/unknown
	Maximum pool size: undefined/unknown
2025-11-06T16:42:10.925-03:00  INFO 5584 --- [Biblioteca-skillnest] [           main] o.h.e.t.j.p.i.JtaPlatformInitiator       : HHH000489: No JTA platform available (set 'hibernate.transaction.jta.platform' to enable JTA platform integration)
2025-11-06T16:42:11.029-03:00  INFO 5584 --- [Biblioteca-skillnest] [           main] j.LocalContainerEntityManagerFactoryBean : Initialized JPA EntityManagerFactory for persistence unit 'default'
2025-11-06T16:42:11.638-03:00  INFO 5584 --- [Biblioteca-skillnest] [           main] o.s.d.j.r.query.QueryEnhancerFactory     : Hibernate is in classpath; If applicable, HQL parser will be used.
2025-11-06T16:42:13.763-03:00  WARN 5584 --- [Biblioteca-skillnest] [           main] JpaBaseConfiguration$JpaWebConfiguration : spring.jpa.open-in-view is enabled by default. Therefore, database queries may be performed during view rendering. Explicitly configure spring.jpa.open-in-view to disable this warning
2025-11-06T16:42:13.958-03:00 DEBUG 5584 --- [Biblioteca-skillnest] [           main] s.w.s.m.m.a.RequestMappingHandlerMapping : 22 mappings in 'requestMappingHandlerMapping'
2025-11-06T16:42:14.251-03:00 DEBUG 5584 --- [Biblioteca-skillnest] [           main] o.s.w.s.handler.SimpleUrlHandlerMapping  : Patterns [/webjars/**, /**] in 'resourceHandlerMapping'
2025-11-06T16:42:14.332-03:00 DEBUG 5584 --- [Biblioteca-skillnest] [           main] s.w.s.m.m.a.RequestMappingHandlerAdapter : ControllerAdvice beans: 0 @ModelAttribute, 0 @InitBinder, 1 RequestBodyAdvice, 1 ResponseBodyAdvice
2025-11-06T16:42:14.541-03:00 DEBUG 5584 --- [Biblioteca-skillnest] [           main] .m.m.a.ExceptionHandlerExceptionResolver : ControllerAdvice beans: 0 @ExceptionHandler, 1 ResponseBodyAdvice
2025-11-06T16:42:14.742-03:00  INFO 5584 --- [Biblioteca-skillnest] [           main] c.s.web.TransactionalOperationsTest      : Started TransactionalOperationsTest in 10.204 seconds (process running for 12.054)
Hibernate: 
    insert 
    into
        autores
        (apellido, biografia, created_at, fecha_nacimiento, nacionalidad, nombre, updated_at) 
    values
        (?, ?, ?, ?, ?, ?, ?)
Hibernate: 
    insert 
    into
        libros
        (anio_publicacion, autor_id, cantidad_disponible, cantidad_total, created_at, editorial, genero, isbn, numero_paginas, titulo, updated_at) 
    values
        (?, ?, ?, ?, ?, ?, ?, ?, ?, ?, ?)
Hibernate: 
    insert 
    into
        libros
        (anio_publicacion, autor_id, cantidad_disponible, cantidad_total, created_at, editorial, genero, isbn, numero_paginas, titulo, updated_at) 
    values
        (?, ?, ?, ?, ?, ?, ?, ?, ?, ?, ?)
]]></system-out>
    <system-err><![CDATA[Mockito is currently self-attaching to enable the inline-mock-maker. This will no longer work in future releases of the JDK. Please add Mockito as an agent to your build as described in Mockito's documentation: https://javadoc.io/doc/org.mockito/mockito-core/latest/org.mockito/org/mockito/Mockito.html#0.3
WARNING: A Java agent has been loaded dynamically (C:\Users\nikoc\.m2\repository\net\bytebuddy\byte-buddy-agent\1.17.7\byte-buddy-agent-1.17.7.jar)
WARNING: If a serviceability tool is in use, please run with -XX:+EnableDynamicAgentLoading to hide this warning
WARNING: If a serviceability tool is not in use, please run with -Djdk.instrument.traceUsage for more information
WARNING: Dynamic loading of agents will be disallowed by default in a future release
]]></system-err>
  </testcase>
  <testcase name="testRegistrarAutorYLibroTransaccional" classname="com.skillnest.web.TransactionalOperationsTest" time="0.041">
    <system-out><![CDATA[Hibernate: 
    insert 
    into
        autores
        (apellido, biografia, created_at, fecha_nacimiento, nacionalidad, nombre, updated_at) 
    values
        (?, ?, ?, ?, ?, ?, ?)
Hibernate: 
    insert 
    into
        libros
        (anio_publicacion, autor_id, cantidad_disponible, cantidad_total, created_at, editorial, genero, isbn, numero_paginas, titulo, updated_at) 
    values
        (?, ?, ?, ?, ?, ?, ?, ?, ?, ?, ?)
]]></system-out>
  </testcase>
  <testcase name="testNoGuardarLibroSinTitulo" classname="com.skillnest.web.TransactionalOperationsTest" time="0.057">
    <system-out><![CDATA[Hibernate: 
    insert 
    into
        autores
        (apellido, biografia, created_at, fecha_nacimiento, nacionalidad, nombre, updated_at) 
    values
        (?, ?, ?, ?, ?, ?, ?)
]]></system-out>
  </testcase>
</testsuite>