<?xml version="1.0" encoding="UTF-8"?>
<testsuite xmlns:xsi="http://www.w3.org/2001/XMLSchema-instance" xsi:noNamespaceSchemaLocation="https://maven.apache.org/surefire/maven-surefire-plugin/xsd/surefire-test-report-3.0.xsd" version="3.0" name="com.ejercicio.utilidades.UtilidadesMatematicasTest" time="0.183" tests="7" errors="0" skipped="0" failures="0">
  <properties>
[...]
</properties>
  <testcase name="testEsPrimo_variosCasos" classname="com.ejercicio.utilidades.UtilidadesMatematicasTest" time="0.073"/>
  <testcase name="testEsPar_conNumerosValidos" classname="com.ejercicio.utilidades.UtilidadesMatematicasTest" time="0.003"/>
  <testcase name="testObtenerFactorial_validoYCero" classname="com.ejercicio.utilidades.UtilidadesMatematicasTest" time="0.003"/>
  <testcase name="testObtenerMCD_valido" classname="com.ejercicio.utilidades.UtilidadesMatematicasTest" time="0.001"/>
  <testcase name="testObtenerMCD_conCero" classname="com.ejercicio.utilidades.UtilidadesMatematicasTest" time="0.002"/>
  <testcase name="testObtenerMCD_negativo_lanzaExcepcion" classname="com.ejercicio.utilidades.UtilidadesMatematicasTest" time="0.009"/>
  <testcase name="testObtenerFactorial_numeroNegativo_lanzaExcepcion" classname="com.ejercicio.utilidades.UtilidadesMatematicasTest" time="0.002"/>
</testsuite>